<?xml version="1.0" encoding="UTF-8"?>
<testng-results skipped="0" failed="0" ignored="0" total="1" passed="1">
  <reporter-output>
  </reporter-output>
  <suite name="Suite" duration-ms="42361" started-at="2020-10-19T09:00:09Z" finished-at="2020-10-19T09:00:51Z">
    <groups>
    </groups>
    <test name="Test" duration-ms="42361" started-at="2020-10-19T09:00:09Z" finished-at="2020-10-19T09:00:51Z">
      <class name="testleaf.Login">
        <test-method status="PASS" signature="login()[pri:0, instance:testleaf.Login@ef9176]" name="login" duration-ms="42316" started-at="2020-10-19T09:00:09Z" finished-at="2020-10-19T09:00:51Z">
          <reporter-output>
          </reporter-output>
        </test-method> <!-- login -->
      </class> <!-- testleaf.Login -->
    </test> <!-- Test -->
  </suite> <!-- Suite -->
</testng-results>
